0 info it worked if it ends with ok
1 verbose cli [ 'C:\\Program Files\\nodejs\\node.exe',
1 verbose cli   'C:\\Program Files\\nodejs\\node_modules\\npm\\bin\\npm-cli.js',
1 verbose cli   'run',
1 verbose cli   'cqdt',
1 verbose cli   'poc',
1 verbose cli   '3000',
1 verbose cli   '6996' ]
2 info using npm@3.10.10
3 info using node@v6.11.1
4 verbose run-script [ 'precqdt', 'cqdt', 'postcqdt' ]
5 info lifecycle server@1.0.0~precqdt: server@1.0.0
6 silly lifecycle server@1.0.0~precqdt: no script for precqdt, continuing
7 info lifecycle server@1.0.0~cqdt: server@1.0.0
8 verbose lifecycle server@1.0.0~cqdt: unsafe-perm in lifecycle true
9 verbose lifecycle server@1.0.0~cqdt: PATH: C:\Program Files\nodejs\node_modules\npm\bin\node-gyp-bin;F:\Chat\cqdt\node_modules\.bin;C:\ProgramData\Oracle\Java\javapath;C:\Windows\system32;C:\Windows;C:\Windows\System32\Wbem;C:\Windows\System32\WindowsPowerShell\v1.0\;C:\Program Files\TortoiseSVN\bin;C:\Program Files (x86)\Skype\Phone\;C:\Program Files\nodejs\;C:\Program Files\MySQL\MySQL Utilities 1.6\;C:\Program Files\Java\jdk1.8.0_141\bin;C:\Program Files (x86)\Microsoft SQL Server\100\Tools\Binn\;C:\Program Files\Microsoft SQL Server\100\Tools\Binn\;C:\Program Files\Microsoft SQL Server\100\DTS\Binn\;C:\Program Files\Microsoft\Web Platform Installer\;C:\Program Files (x86)\Microsoft ASP.NET\ASP.NET Web Pages\v1.0\;C:\Program Files (x86)\Windows Kits\8.0\Windows Performance Toolkit\;C:\Program Files\Microsoft SQL Server\110\Tools\Binn\;C:\Program Files\OpenVPN\bin;E:\FullTextSearch\solr\solr-6.6.1\bin;C:\Program Files\PuTTY\;C:\Users\Admin\AppData\Local\Microsoft\WindowsApps;C:\Program Files (x86)\SSH Communications Security\SSH Secure Shell;C:\Users\Admin\AppData\Local\GitHubDesktop\bin;C:\Users\Admin\AppData\Roaming\npm;C:\Windows\System32;E:\FullTextSearch\solr\solr-6.6.1\bin;
10 verbose lifecycle server@1.0.0~cqdt: CWD: F:\Chat\cqdt
11 silly lifecycle server@1.0.0~cqdt: Args: [ '/d /s /c', 'node dist/index.js "poc" "3000" "6996"' ]
12 silly lifecycle server@1.0.0~cqdt: Returned: code: 1  signal: null
13 info lifecycle server@1.0.0~cqdt: Failed to exec cqdt script
14 verbose stack Error: server@1.0.0 cqdt: `node dist/index.js "poc" "3000" "6996"`
14 verbose stack Exit status 1
14 verbose stack     at EventEmitter.<anonymous> (C:\Program Files\nodejs\node_modules\npm\lib\utils\lifecycle.js:255:16)
14 verbose stack     at emitTwo (events.js:106:13)
14 verbose stack     at EventEmitter.emit (events.js:191:7)
14 verbose stack     at ChildProcess.<anonymous> (C:\Program Files\nodejs\node_modules\npm\lib\utils\spawn.js:40:14)
14 verbose stack     at emitTwo (events.js:106:13)
14 verbose stack     at ChildProcess.emit (events.js:191:7)
14 verbose stack     at maybeClose (internal/child_process.js:891:16)
14 verbose stack     at Process.ChildProcess._handle.onexit (internal/child_process.js:226:5)
15 verbose pkgid server@1.0.0
16 verbose cwd F:\Chat\cqdt\cqdt
17 error Windows_NT 10.0.15063
18 error argv "C:\\Program Files\\nodejs\\node.exe" "C:\\Program Files\\nodejs\\node_modules\\npm\\bin\\npm-cli.js" "run" "cqdt" "poc" "3000" "6996"
19 error node v6.11.1
20 error npm  v3.10.10
21 error code ELIFECYCLE
22 error server@1.0.0 cqdt: `node dist/index.js "poc" "3000" "6996"`
22 error Exit status 1
23 error Failed at the server@1.0.0 cqdt script 'node dist/index.js "poc" "3000" "6996"'.
23 error Make sure you have the latest version of node.js and npm installed.
23 error If you do, this is most likely a problem with the server package,
23 error not with npm itself.
23 error Tell the author that this fails on your system:
23 error     node dist/index.js "poc" "3000" "6996"
23 error You can get information on how to open an issue for this project with:
23 error     npm bugs server
23 error Or if that isn't available, you can get their info via:
23 error     npm owner ls server
23 error There is likely additional logging output above.
24 verbose exit [ 1, true ]
